000001 00001000 D91728DAEB8FEED1B9FE13ADAF265E54 0000   0=00000000  1=00000000  2=00000000  3=00000000 
        4=00000000  5=00000000  6=00000000  7=00000000  8=00000000  9=00000000 
       10=00000000 11=00000000 12=00000000 13=00007000 14=00000000 
000002 00001004 D91728DAEB8FEED1B9FE13ADAF265E54 0000   0=00000000  1=00000000  2=00000000  3=00000000 
        4=00000000  5=00000000  6=00000000  7=00000000  8=00000000  9=00000000 
       10=00000000 11=00000000 12=00000000 13=00007000 14=00000000 
000003 00001008 D91728DAEB8FEED1B9FE13ADAF265E54 0000   0=00000000  1=00000001  2=00000000  3=00000000 
        4=00000000  5=00000000  6=00000000  7=00000000  8=00000000  9=00000000 
       10=00000000 11=00000000 12=00000000 13=00007000 14=00000000 
000004 0000100C D91728DAEB8FEED1B9FE13ADAF265E54 0000   0=00000000  1=00000001  2=00000000  3=00000000 
        4=00000000  5=00000000  6=00000000  7=00000000  8=00000000  9=00000000 
       10=00000000 11=00000000 12=00000000 13=00007000 14=00000000 
000005 00001014 D91728DAEB8FEED1B9FE13ADAF265E54 0100   0=00000000  1=00000001  2=00000000  3=00000000 
        4=00000000  5=00000000  6=00000000  7=00000000  8=00000000  9=00000000 
       10=00000000 11=00000000 12=00000000 13=00007000 14=00000000 
000006 00001018 D91728DAEB8FEED1B9FE13ADAF265E54 0100   0=00000000  1=00000001  2=00000000  3=00000000 
        4=00000000  5=00000000  6=00000000  7=00000000  8=00000000  9=00000000 
       10=00000000 11=00000000 12=00000000 13=00007000 14=00000000 
000007 00001020 D91728DAEB8FEED1B9FE13ADAF265E54 1000   0=00000000  1=00000001  2=00000000  3=00000000 
        4=00000000  5=00000000  6=00000000  7=00000000  8=00000000  9=00000000 
       10=00000000 11=00000000 12=00000000 13=00007000 14=00000000 
000008 00001024 D91728DAEB8FEED1B9FE13ADAF265E54 1000   0=00000000  1=00000001  2=00000000  3=00000000 
        4=00000000  5=00000000  6=00000000  7=00000000  8=00000000  9=00000000 
       10=00000000 11=00000000 12=00000000 13=00007000 14=00000000 
000009 00001028 D91728DAEB8FEED1B9FE13ADAF265E54 1000   0=00000000  1=00000001  2=00000000  3=00000000 
        4=00000000  5=00000001  6=00000000  7=00000000  8=00000000  9=00000000 
       10=00000000 11=00000000 12=00000000 13=00007000 14=00000000 
000010 0000102C D91728DAEB8FEED1B9FE13ADAF265E54 0100   0=00000000  1=00000001  2=00000000  3=00000000 
        4=00000000  5=00000001  6=00000000  7=00000000  8=00000000  9=00000000 
       10=00000000 11=00000000 12=00000000 13=00007000 14=00000000 
000011 00001030 D91728DAEB8FEED1B9FE13ADAF265E54 0100   0=00000000  1=00000001  2=00000000  3=00000000 
        4=00000000  5=00000001  6=00000000  7=00000000  8=00000000  9=00000000 
       10=00000000 11=00000000 12=00000000 13=00007000 14=00000000 
000012 00001034 D91728DAEB8FEED1B9FE13ADAF265E54 0100   0=00000000  1=00000001  2=00000000  3=00000000 
        4=00000000  5=00000002  6=00000000  7=00000000  8=00000000  9=00000000 
       10=00000000 11=00000000 12=00000000 13=00007000 14=00000000 
000013 00001038 D91728DAEB8FEED1B9FE13ADAF265E54 1000   0=00000000  1=00000001  2=00000000  3=00000000 
        4=00000000  5=00000002  6=00000000  7=00000000  8=00000000  9=00000000 
       10=00000000 11=00000000 12=00000000 13=00007000 14=00000000 
000014 0000103C D91728DAEB8FEED1B9FE13ADAF265E54 1000   0=00000000  1=00000001  2=00000000  3=00000000 
        4=00000000  5=00000002  6=00000000  7=00000000  8=00000000  9=00000000 
       10=00000000 11=00000000 12=00000000 13=00007000 14=00000000 
000015 00001044 D91728DAEB8FEED1B9FE13ADAF265E54 1000   0=00000005  1=00000001  2=00000000  3=00000000 
        4=00000000  5=00000002  6=00000000  7=00000000  8=00000000  9=00000000 
       10=00000000 11=00000000 12=00000000 13=00007000 14=00000000 
000016 00001048 D91728DAEB8FEED1B9FE13ADAF265E54 0010   0=00000005  1=00000001  2=00000000  3=00000000 
        4=00000000  5=00000002  6=00000000  7=00000000  8=00000000  9=00000000 
       10=00000000 11=00000000 12=00000000 13=00007000 14=00000000 
000017 0000104C D91728DAEB8FEED1B9FE13ADAF265E54 0010   0=00000005  1=00000001  2=00000000  3=00000000 
        4=00000000  5=00000002  6=00000000  7=00000000  8=00000000  9=00000000 
       10=00000000 11=00000000 12=00000000 13=00007000 14=00000000 
000018 00001054 D91728DAEB8FEED1B9FE13ADAF265E54 0000   0=00000005  1=00000001  2=00000000  3=00000000 
        4=00000000  5=00000002  6=00000000  7=00000000  8=00000000  9=00000000 
       10=00000000 11=00000000 12=00000000 13=00007000 14=00000000 
000019 00001058 D91728DAEB8FEED1B9FE13ADAF265E54 0000   0=00000005  1=00000001  2=00000000  3=00000000 
        4=00000000  5=00000002  6=00000000  7=00000000  8=00000000  9=00000000 
       10=00000000 11=00000000 12=00000000 13=00007000 14=00000000 
000020 0000105C D91728DAEB8FEED1B9FE13ADAF265E54 0000   0=00000005  1=00000001  2=00000000  3=00000000 
        4=00000000  5=00000003  6=00000000  7=00000000  8=00000000  9=00000000 
       10=00000000 11=00000000 12=00000000 13=00007000 14=00000000 
000021 00001060 D91728DAEB8FEED1B9FE13ADAF265E54 0010   0=00000005  1=00000001  2=00000000  3=00000000 
        4=00000000  5=00000003  6=00000000  7=00000000  8=00000000  9=00000000 
       10=00000000 11=00000000 12=00000000 13=00007000 14=00000000 
000022 00001064 D91728DAEB8FEED1B9FE13ADAF265E54 0010   0=00000005  1=00000001  2=00000000  3=00000000 
        4=00000000  5=00000003  6=00000000  7=00000000  8=00000000  9=00000000 
       10=00000000 11=00000000 12=00000000 13=00007000 14=00000000 
000023 00001068 D91728DAEB8FEED1B9FE13ADAF265E54 0010   0=00000005  1=00000001  2=00000000  3=00000000 
        4=00000000  5=00000004  6=00000000  7=00000000  8=00000000  9=00000000 
       10=00000000 11=00000000 12=00000000 13=00007000 14=00000000 
000024 0000106C D91728DAEB8FEED1B9FE13ADAF265E54 0000   0=00000005  1=00000001  2=00000000  3=00000000 
        4=00000000  5=00000004  6=00000000  7=00000000  8=00000000  9=00000000 
       10=00000000 11=00000000 12=00000000 13=00007000 14=00000000 
000025 00001070 D91728DAEB8FEED1B9FE13ADAF265E54 0000   0=00000005  1=00000001  2=00000000  3=00000000 
        4=00000000  5=00000004  6=00000000  7=00000000  8=00000000  9=00000000 
       10=00000000 11=00000000 12=00000000 13=00007000 14=00000000 
000026 00001078 D91728DAEB8FEED1B9FE13ADAF265E54 1000   0=00000005  1=00000001  2=00000000  3=00000000 
        4=00000000  5=00000004  6=00000000  7=00000000  8=00000000  9=00000000 
       10=00000000 11=00000000 12=00000000 13=00007000 14=00000000 
000027 0000107C D91728DAEB8FEED1B9FE13ADAF265E54 1000   0=00000005  1=00000001  2=00000000  3=00000000 
        4=00000000  5=00000004  6=00000000  7=00000000  8=00000000  9=00000000 
       10=00000000 11=00000000 12=00000000 13=00007000 14=00000000 
000028 00001084 D91728DAEB8FEED1B9FE13ADAF265E54 0010   0=00000005  1=00000001  2=00000000  3=00000000 
        4=00000000  5=00000004  6=00000000  7=00000000  8=00000000  9=00000000 
       10=00000000 11=00000000 12=00000000 13=00007000 14=00000000 
000029 00001088 D91728DAEB8FEED1B9FE13ADAF265E54 0010   0=00000005  1=00000001  2=00000000  3=00000000 
        4=00000000  5=00000004  6=00000000  7=00000000  8=00000000  9=00000000 
       10=00000000 11=00000000 12=00000000 13=00007000 14=00000000 
000030 0000108C D91728DAEB8FEED1B9FE13ADAF265E54 0010   0=00000005  1=00000001  2=00000000  3=00000000 
        4=00000000  5=00000005  6=00000000  7=00000000  8=00000000  9=00000000 
       10=00000000 11=00000000 12=00000000 13=00007000 14=00000000 
000031 00001090 D91728DAEB8FEED1B9FE13ADAF265E54 1000   0=00000005  1=00000001  2=00000000  3=00000000 
        4=00000000  5=00000005  6=00000000  7=00000000  8=00000000  9=00000000 
       10=00000000 11=00000000 12=00000000 13=00007000 14=00000000 
000032 00001094 D91728DAEB8FEED1B9FE13ADAF265E54 1000   0=00000005  1=00000001  2=00000000  3=00000000 
        4=00000000  5=00000005  6=00000000  7=00000000  8=00000000  9=00000000 
       10=00000000 11=00000000 12=00000000 13=00007000 14=00000000 
000033 00001098 D91728DAEB8FEED1B9FE13ADAF265E54 1000   0=00000005  1=00000001  2=00000000  3=00000000 
        4=00000000  5=00000006  6=00000000  7=00000000  8=00000000  9=00000000 
       10=00000000 11=00000000 12=00000000 13=00007000 14=00000000 
000034 0000109C D91728DAEB8FEED1B9FE13ADAF265E54 0010   0=00000005  1=00000001  2=00000000  3=00000000 
        4=00000000  5=00000006  6=00000000  7=00000000  8=00000000  9=00000000 
       10=00000000 11=00000000 12=00000000 13=00007000 14=00000000 
000035 000010A0 D91728DAEB8FEED1B9FE13ADAF265E54 0010   0=00000005  1=00000001  2=00000000  3=00000000 
        4=00000000  5=00000006  6=00000000  7=00000000  8=00000000  9=00000000 
       10=00000000 11=00000000 12=00000000 13=00007000 14=00000000 
000036 000010A8 D91728DAEB8FEED1B9FE13ADAF265E54 0010   0=00000005  1=00000001  2=80000001  3=00000000 
        4=00000000  5=00000006  6=00000000  7=00000000  8=00000000  9=00000000 
       10=00000000 11=00000000 12=00000000 13=00007000 14=00000000 
000037 000010AC D91728DAEB8FEED1B9FE13ADAF265E54 0010   0=00000005  1=00000001  2=80000001  3=00000000 
        4=00000000  5=00000006  6=00000000  7=00000000  8=00000000  9=00000000 
       10=00000000 11=00000000 12=00000000 13=00007000 14=00000000 
000038 000010B0 D91728DAEB8FEED1B9FE13ADAF265E54 0010   0=00000005  1=00000001  2=80000001  3=00000000 
        4=00000000  5=00000006  6=00000000  7=00000000  8=00000000  9=00000000 
       10=00000000 11=00000000 12=00000000 13=00007000 14=00000000 
000039 000010B4 D91728DAEB8FEED1B9FE13ADAF265E54 0010   0=00000005  1=00000001  2=80000001  3=00000000 
        4=00000000  5=00000007  6=00000000  7=00000000  8=00000000  9=00000000 
       10=00000000 11=00000000 12=00000000 13=00007000 14=00000000 
000040 000010B8 D91728DAEB8FEED1B9FE13ADAF265E54 1001   0=00000005  1=00000001  2=80000001  3=00000000 
        4=00000000  5=00000007  6=00000000  7=00000000  8=00000000  9=00000000 
       10=00000000 11=00000000 12=00000000 13=00007000 14=00000000 
000041 000010BC D91728DAEB8FEED1B9FE13ADAF265E54 1001   0=00000005  1=00000001  2=80000001  3=00000000 
        4=00000000  5=00000007  6=00000000  7=00000000  8=00000000  9=00000000 
       10=00000000 11=00000000 12=00000000 13=00007000 14=00000000 
000042 000010C4 D91728DAEB8FEED1B9FE13ADAF265E54 0010   0=00000005  1=00000001  2=80000001  3=00000000 
        4=00000000  5=00000007  6=00000000  7=00000000  8=00000000  9=00000000 
       10=00000000 11=00000000 12=00000000 13=00007000 14=00000000 
000043 000010C8 D91728DAEB8FEED1B9FE13ADAF265E54 0010   0=00000005  1=00000001  2=80000001  3=00000000 
        4=00000000  5=00000007  6=00000000  7=00000000  8=00000000  9=00000000 
       10=00000000 11=00000000 12=00000000 13=00007000 14=00000000 
000044 000010D0 D91728DAEB8FEED1B9FE13ADAF265E54 1001   0=00000005  1=00000001  2=80000001  3=00000000 
        4=00000000  5=00000007  6=00000000  7=00000000  8=00000000  9=00000000 
       10=00000000 11=00000000 12=00000000 13=00007000 14=00000000 
000045 000010D4 D91728DAEB8FEED1B9FE13ADAF265E54 1001   0=00000005  1=00000001  2=80000001  3=00000000 
        4=00000000  5=00000007  6=00000000  7=00000000  8=00000000  9=00000000 
       10=00000000 11=00000000 12=00000000 13=00007000 14=00000000 
000046 000010D8 D91728DAEB8FEED1B9FE13ADAF265E54 1001   0=00000005  1=00000001  2=80000001  3=00000000 
        4=00000000  5=00000008  6=00000000  7=00000000  8=00000000  9=00000000 
       10=00000000 11=00000000 12=00000000 13=00007000 14=00000000 
000047 000010DC D91728DAEB8FEED1B9FE13ADAF265E54 0010   0=00000005  1=00000001  2=80000001  3=00000000 
        4=00000000  5=00000008  6=00000000  7=00000000  8=00000000  9=00000000 
       10=00000000 11=00000000 12=00000000 13=00007000 14=00000000 
000048 000010E0 D91728DAEB8FEED1B9FE13ADAF265E54 0010   0=00000005  1=00000001  2=80000001  3=00000000 
        4=00000000  5=00000008  6=00000000  7=00000000  8=00000000  9=00000000 
       10=00000000 11=00000000 12=00000000 13=00007000 14=00000000 
000049 000010E8 D91728DAEB8FEED1B9FE13ADAF265E54 0110   0=00000005  1=00000001  2=80000001  3=00000000 
        4=00000000  5=00000008  6=00000000  7=00000000  8=00000000  9=00000000 
       10=00000000 11=00000000 12=00000000 13=00007000 14=00000000 
000050 000010EC D91728DAEB8FEED1B9FE13ADAF265E54 0110   0=00000005  1=00000001  2=80000001  3=00000000 
        4=00000000  5=00000008  6=00000000  7=00000000  8=00000000  9=00000000 
       10=00000000 11=00000000 12=00000000 13=00007000 14=00000000 
000051 000010F0 D91728DAEB8FEED1B9FE13ADAF265E54 0110   0=00000005  1=00000001  2=80000001  3=00000000 
        4=00000000  5=00000009  6=00000000  7=00000000  8=00000000  9=00000000 
       10=00000000 11=00000000 12=00000000 13=00007000 14=00000000 
000052 000010F4 D91728DAEB8FEED1B9FE13ADAF265E54 0010   0=00000005  1=00000001  2=80000001  3=00000000 
        4=00000000  5=00000009  6=00000000  7=00000000  8=00000000  9=00000000 
       10=00000000 11=00000000 12=00000000 13=00007000 14=00000000 
000053 000010F8 D91728DAEB8FEED1B9FE13ADAF265E54 0010   0=00000005  1=00000001  2=80000001  3=00000000 
        4=00000000  5=00000009  6=00000000  7=00000000  8=00000000  9=00000000 
       10=00000000 11=00000000 12=00000000 13=00007000 14=00000000 
000054 000010FC D91728DAEB8FEED1B9FE13ADAF265E54 0010   0=00000005  1=00000001  2=80000001  3=00000000 
        4=00000000  5=0000000A  6=00000000  7=00000000  8=00000000  9=00000000 
       10=00000000 11=00000000 12=00000000 13=00007000 14=00000000 
000055 00001100 D91728DAEB8FEED1B9FE13ADAF265E54 0110   0=00000005  1=00000001  2=80000001  3=00000000 
        4=00000000  5=0000000A  6=00000000  7=00000000  8=00000000  9=00000000 
       10=00000000 11=00000000 12=00000000 13=00007000 14=00000000 
000056 00001104 D91728DAEB8FEED1B9FE13ADAF265E54 0110   0=00000005  1=00000001  2=80000001  3=00000000 
        4=00000000  5=0000000A  6=00000000  7=00000000  8=00000000  9=00000000 
       10=00000000 11=00000000 12=00000000 13=00007000 14=00000000 
000057 00001108 D91728DAEB8FEED1B9FE13ADAF265E54 0110   0=00000005  1=00000001  2=80000001  3=00000000 
        4=00000000  5=0000000B  6=00000000  7=00000000  8=00000000  9=00000000 
       10=00000000 11=00000000 12=00000000 13=00007000 14=00000000 
000058 0000110C D91728DAEB8FEED1B9FE13ADAF265E54 0010   0=00000005  1=00000001  2=80000001  3=00000000 
        4=00000000  5=0000000B  6=00000000  7=00000000  8=00000000  9=00000000 
       10=00000000 11=00000000 12=00000000 13=00007000 14=00000000 
000059 00001110 D91728DAEB8FEED1B9FE13ADAF265E54 0010   0=00000005  1=00000001  2=80000001  3=00000000 
        4=00000000  5=0000000B  6=00000000  7=00000000  8=00000000  9=00000000 
       10=00000000 11=00000000 12=00000000 13=00007000 14=00000000 
000060 00001118 D91728DAEB8FEED1B9FE13ADAF265E54 1000   0=00000005  1=00000001  2=80000001  3=00000000 
        4=00000000  5=0000000B  6=00000000  7=00000000  8=00000000  9=00000000 
       10=00000000 11=00000000 12=00000000 13=00007000 14=00000000 
000061 0000111C D91728DAEB8FEED1B9FE13ADAF265E54 1000   0=00000005  1=00000001  2=80000001  3=00000000 
        4=00000000  5=0000000B  6=00000000  7=00000000  8=00000000  9=00000000 
       10=00000000 11=00000000 12=00000000 13=00007000 14=00000000 
000062 00001120 D91728DAEB8FEED1B9FE13ADAF265E54 1000   0=00000005  1=00000001  2=80000001  3=00000000 
        4=00000000  5=0000000C  6=00000000  7=00000000  8=00000000  9=00000000 
       10=00000000 11=00000000 12=00000000 13=00007000 14=00000000 
000063 00001124 D91728DAEB8FEED1B9FE13ADAF265E54 1000   0=00000005  1=00000001  2=80000001  3=00000000 
        4=00000000  5=0000000C  6=00000000  7=00000000  8=00000000  9=00000000 
       10=00000000 11=00000000 12=00000000 13=00007000 14=00000000 
000064 00001128 D91728DAEB8FEED1B9FE13ADAF265E54 1000   0=00000005  1=00000001  2=80000001  3=00000000 
        4=00000000  5=0000000C  6=00000000  7=00000000  8=00000000  9=00000000 
       10=00000000 11=00000000 12=00000000 13=00007000 14=00000000 
000065 00001130 D91728DAEB8FEED1B9FE13ADAF265E54 0010   0=00000005  1=00000001  2=80000001  3=00000000 
        4=00000000  5=0000000C  6=00000000  7=00000000  8=00000000  9=00000000 
       10=00000000 11=00000000 12=00000000 13=00007000 14=00000000 
000066 00001134 D91728DAEB8FEED1B9FE13ADAF265E54 0010   0=00000005  1=00000001  2=80000001  3=00000000 
        4=00000000  5=0000000C  6=00000000  7=00000000  8=00000000  9=00000000 
       10=00000000 11=00000000 12=00000000 13=00007000 14=00000000 
000067 00001138 D91728DAEB8FEED1B9FE13ADAF265E54 0010   0=00000005  1=00000001  2=80000001  3=00000000 
        4=00000000  5=0000000D  6=00000000  7=00000000  8=00000000  9=00000000 
       10=00000000 11=00000000 12=00000000 13=00007000 14=00000000 
000068 0000113C D91728DAEB8FEED1B9FE13ADAF265E54 0010   0=00000005  1=00000001  2=80000001  3=00000000 
        4=00000000  5=0000000D  6=00000000  7=00000000  8=00000000  9=00000000 
       10=00000000 11=00000000 12=00000000 13=00007000 14=00000000 
000069 00001140 D91728DAEB8FEED1B9FE13ADAF265E54 0010   0=00000005  1=00000001  2=80000001  3=00000000 
        4=00000000  5=0000000D  6=00000000  7=00000000  8=00000000  9=00000000 
       10=00000000 11=00000000 12=00000000 13=00007000 14=00000000 
000070 00001148 D91728DAEB8FEED1B9FE13ADAF265E54 0110   0=00000005  1=00000001  2=80000001  3=00000000 
        4=00000000  5=0000000D  6=00000000  7=00000000  8=00000000  9=00000000 
       10=00000000 11=00000000 12=00000000 13=00007000 14=00000000 
000071 0000114C D91728DAEB8FEED1B9FE13ADAF265E54 0110   0=00000005  1=00000001  2=80000001  3=00000000 
        4=00000000  5=0000000D  6=00000000  7=00000000  8=00000000  9=00000000 
       10=00000000 11=00000000 12=00000000 13=00007000 14=00000000 
000072 00001150 D91728DAEB8FEED1B9FE13ADAF265E54 0110   0=00000005  1=00000001  2=80000001  3=00000000 
        4=00000000  5=0000000E  6=00000000  7=00000000  8=00000000  9=00000000 
       10=00000000 11=00000000 12=00000000 13=00007000 14=00000000 
000073 00001154 D91728DAEB8FEED1B9FE13ADAF265E54 0010   0=00000005  1=00000001  2=80000001  3=00000000 
        4=00000000  5=0000000E  6=00000000  7=00000000  8=00000000  9=00000000 
       10=00000000 11=00000000 12=00000000 13=00007000 14=00000000 
000074 00001158 D91728DAEB8FEED1B9FE13ADAF265E54 0010   0=00000005  1=00000001  2=80000001  3=00000000 
        4=00000000  5=0000000E  6=00000000  7=00000000  8=00000000  9=00000000 
       10=00000000 11=00000000 12=00000000 13=00007000 14=00000000 
000075 0000115C D91728DAEB8FEED1B9FE13ADAF265E54 0010   0=00000005  1=00000001  2=80000001  3=00000000 
        4=00000000  5=0000000F  6=00000000  7=00000000  8=00000000  9=00000000 
       10=00000000 11=00000000 12=00000000 13=00007000 14=00000000 
000076 00001160 D91728DAEB8FEED1B9FE13ADAF265E54 0110   0=00000005  1=00000001  2=80000001  3=00000000 
        4=00000000  5=0000000F  6=00000000  7=00000000  8=00000000  9=00000000 
       10=00000000 11=00000000 12=00000000 13=00007000 14=00000000 
000077 00001164 D91728DAEB8FEED1B9FE13ADAF265E54 0110   0=00000005  1=00000001  2=80000001  3=00000000 
        4=00000000  5=0000000F  6=00000000  7=00000000  8=00000000  9=00000000 
       10=00000000 11=00000000 12=00000000 13=00007000 14=00000000 
